<?xml version="1.0" encoding="UTF-8"?>
<testsuite xmlns:xsi="http://www.w3.org/2001/XMLSchema-instance" xsi:noNamespaceSchemaLocation="https://maven.apache.org/surefire/maven-surefire-plugin/xsd/surefire-test-report-3.0.xsd" version="3.0" name="org.example.MainTest" time="0.037" tests="5" errors="0" skipped="0" failures="0">
  <properties>
[...]
</properties>
  <testcase name="_scenario" classname="org.example.MainTest" time="0.015"/>
  <testcase name="_max" classname="org.example.MainTest" time="0.001"/>
  <testcase name="_min" classname="org.example.MainTest" time="0.002"/>
  <testcase name="_sum" classname="org.example.MainTest" time="0.001"/>
  <testcase name="_mult" classname="org.example.MainTest" time="0.001"/>
</testsuite>